Mono path[0] = 'C:/Projets/DOOMLIKE/Builds/04_20-01-2021/Doomlike_Data/Managed'
Mono config path = 'C:/Projets/DOOMLIKE/Builds/04_20-01-2021/MonoBleedingEdge/etc'
Initialize engine version: 2019.4.13f1 (518737b1de84)
[Subsystems] Discovering subsystems at path C:/Projets/DOOMLIKE/Builds/04_20-01-2021/Doomlike_Data/UnitySubsystems
GfxDevice: creating device client; threaded=1
Direct3D:
    Version:  Direct3D 11.0 [level 11.1]
    Renderer: NVIDIA GeForce GTX 970 (ID=0x13c2)
    Vendor:   
    VRAM:     4043 MB
    Driver:   27.21.14.5671
Begin MonoManager ReloadAssembly
- Completed reload, in  1.514 seconds
D3D11 device created for Microsoft Media Foundation video decoding.
<RI> Initializing input.
<RI> Input initialized.
<RI> Initialized touch support.
UnloadTime: 1.381700 ms
#FPS Stamina Manager.#Setting stamina stats :
Full duration: 5,
Recover delay: 2,
Reload duration: 15.
 
(Filename: C:\buildslave\unity\build\Runtime/Export/Debug/Debug.bindings.h Line: 35)

#FPS Shoot.#Applying shot. Magazine state : (4/10). 
(Filename: C:\buildslave\unity\build\Runtime/Export/Debug/Debug.bindings.h Line: 35)

#FPS Shoot.#Shot <b>Wall 01 (5)</b>. 
(Filename: C:\buildslave\unity\build\Runtime/Export/Debug/Debug.bindings.h Line: 35)

#FPS Shoot.#Applying shot. Magazine state : (3/10). 
(Filename: C:\buildslave\unity\build\Runtime/Export/Debug/Debug.bindings.h Line: 35)

#FPS Shoot.#Shot <b>Ground 00 (4)</b>. 
(Filename: C:\buildslave\unity\build\Runtime/Export/Debug/Debug.bindings.h Line: 35)

#FPS Shoot.#Applying shot. Magazine state : (2/10). 
(Filename: C:\buildslave\unity\build\Runtime/Export/Debug/Debug.bindings.h Line: 35)

#FPS Shoot.#Shot <b>Wall Glass</b>. 
(Filename: C:\buildslave\unity\build\Runtime/Export/Debug/Debug.bindings.h Line: 35)

#FPS Shoot.#Shot <b>Wall 01 (5)</b>. 
(Filename: C:\buildslave\unity\build\Runtime/Export/Debug/Debug.bindings.h Line: 35)

#FPS Shoot.#Applying shot. Magazine state : (1/10). 
(Filename: C:\buildslave\unity\build\Runtime/Export/Debug/Debug.bindings.h Line: 35)

#FPS Shoot.#Shot <b>Wall Glass</b>. 
(Filename: C:\buildslave\unity\build\Runtime/Export/Debug/Debug.bindings.h Line: 35)

#FPS Shoot.#Shot <b>Wall Light</b>. 
(Filename: C:\buildslave\unity\build\Runtime/Export/Debug/Debug.bindings.h Line: 35)

#FPS Shoot.#Applying shot. Magazine state : (0/10). 
(Filename: C:\buildslave\unity\build\Runtime/Export/Debug/Debug.bindings.h Line: 35)

#FPS Shoot.#Shot <b>Light Hitbox</b>. 
(Filename: C:\buildslave\unity\build\Runtime/Export/Debug/Debug.bindings.h Line: 35)

#FPS Interacter.#Interacting with <b>Cartridge 00</b>. 
(Filename: C:\buildslave\unity\build\Runtime/Export/Debug/Debug.bindings.h Line: 35)

#FPS Magazine.#Loading a cartridge with a capacity of 10. 
(Filename: C:\buildslave\unity\build\Runtime/Export/Debug/Debug.bindings.h Line: 35)

#FPS Magazine.#Adding 10 bullets from cartridge to storehouse. 
(Filename: C:\buildslave\unity\build\Runtime/Export/Debug/Debug.bindings.h Line: 35)

#FPS Magazine.#0 bullet(s) left in cartridge. 
(Filename: C:\buildslave\unity\build\Runtime/Export/Debug/Debug.bindings.h Line: 35)

#FPS Interacter.#Interacting with <b>Switch</b>. 
(Filename: C:\buildslave\unity\build\Runtime/Export/Debug/Debug.bindings.h Line: 35)

#Door.#Toggling <b>Door</b>. 
(Filename: C:\buildslave\unity\build\Runtime/Export/Debug/Debug.bindings.h Line: 35)

#Door.#Triggering animator parameter "<b>Open</b>". 
(Filename: C:\buildslave\unity\build\Runtime/Export/Debug/Debug.bindings.h Line: 35)

#FPS Interacter.#Interacting with <b>Cartridge 03</b>. 
(Filename: C:\buildslave\unity\build\Runtime/Export/Debug/Debug.bindings.h Line: 35)

#FPS Magazine.#Loading a cartridge with a capacity of 10. 
(Filename: C:\buildslave\unity\build\Runtime/Export/Debug/Debug.bindings.h Line: 35)

#FPS Magazine.#Adding 10 bullets from cartridge to storehouse. 
(Filename: C:\buildslave\unity\build\Runtime/Export/Debug/Debug.bindings.h Line: 35)

#FPS Magazine.#0 bullet(s) left in cartridge. 
(Filename: C:\buildslave\unity\build\Runtime/Export/Debug/Debug.bindings.h Line: 35)

#FPS Interacter.#Interacting with <b>Cartridge 02</b>. 
(Filename: C:\buildslave\unity\build\Runtime/Export/Debug/Debug.bindings.h Line: 35)

#FPS Magazine.#Loading a cartridge with a capacity of 10. 
(Filename: C:\buildslave\unity\build\Runtime/Export/Debug/Debug.bindings.h Line: 35)

#FPS Magazine.#Adding 10 bullets from cartridge to storehouse. 
(Filename: C:\buildslave\unity\build\Runtime/Export/Debug/Debug.bindings.h Line: 35)

#FPS Magazine.#0 bullet(s) left in cartridge. 
(Filename: C:\buildslave\unity\build\Runtime/Export/Debug/Debug.bindings.h Line: 35)

#FPS Interacter.#Interacting with <b>Cartridge 01</b>. 
(Filename: C:\buildslave\unity\build\Runtime/Export/Debug/Debug.bindings.h Line: 35)

#FPS Magazine.#Loading a cartridge with a capacity of 10. 
(Filename: C:\buildslave\unity\build\Runtime/Export/Debug/Debug.bindings.h Line: 35)

#FPS Magazine.#Adding 10 bullets from cartridge to storehouse. 
(Filename: C:\buildslave\unity\build\Runtime/Export/Debug/Debug.bindings.h Line: 35)

#FPS Magazine.#0 bullet(s) left in cartridge. 
(Filename: C:\buildslave\unity\build\Runtime/Export/Debug/Debug.bindings.h Line: 35)

#FPS Shoot.#Applying shot. Magazine state : (4/45). 
(Filename: C:\buildslave\unity\build\Runtime/Export/Debug/Debug.bindings.h Line: 35)

#FPS Shoot.#Shot <b>Training Target (2)</b>. 
(Filename: C:\buildslave\unity\build\Runtime/Export/Debug/Debug.bindings.h Line: 35)

#FPS Shoot.#Applying shot. Magazine state : (3/45). 
(Filename: C:\buildslave\unity\build\Runtime/Export/Debug/Debug.bindings.h Line: 35)

#FPS Shoot.#Shot <b>Training Target</b>. 
(Filename: C:\buildslave\unity\build\Runtime/Export/Debug/Debug.bindings.h Line: 35)

#FPS Shoot.#Applying shot. Magazine state : (2/45). 
(Filename: C:\buildslave\unity\build\Runtime/Export/Debug/Debug.bindings.h Line: 35)

#FPS Shoot.#Shot <b>Training Target (1)</b>. 
(Filename: C:\buildslave\unity\build\Runtime/Export/Debug/Debug.bindings.h Line: 35)

#Training Workshop.#Training Workshop <b>Workshop 00 Controller</b> complete. 
(Filename: C:\buildslave\unity\build\Runtime/Export/Debug/Debug.bindings.h Line: 35)

#Training Workshop.#Recording score for Training Workshop <b>Workshop 00 Controller</b>. 
(Filename: C:\buildslave\unity\build\Runtime/Export/Debug/Debug.bindings.h Line: 35)

#Training Workshop.#Reseting Training Workshop <b>Workshop 00 Controller</b>. 
(Filename: C:\buildslave\unity\build\Runtime/Export/Debug/Debug.bindings.h Line: 35)

#FPS Shoot.#Applying shot. Magazine state : (4/42). 
(Filename: C:\buildslave\unity\build\Runtime/Export/Debug/Debug.bindings.h Line: 35)

#FPS Shoot.#Shot <b>Workshop Reward Capsule</b>. 
(Filename: C:\buildslave\unity\build\Runtime/Export/Debug/Debug.bindings.h Line: 35)

#FPS Shoot.#Applying shot. Magazine state : (3/42). 
(Filename: C:\buildslave\unity\build\Runtime/Export/Debug/Debug.bindings.h Line: 35)

#FPS Shoot.#Shot <b>Workshop Reward Capsule</b>. 
(Filename: C:\buildslave\unity\build\Runtime/Export/Debug/Debug.bindings.h Line: 35)

#FPS Interacter.#Interacting with <b>Placeholder Reward</b>. 
(Filename: C:\buildslave\unity\build\Runtime/Export/Debug/Debug.bindings.h Line: 35)

#FPS Interacter.#Interacting with <b>Workshop 00 Terminal</b>. 
(Filename: C:\buildslave\unity\build\Runtime/Export/Debug/Debug.bindings.h Line: 35)

#Training Workshop.#Turning on Training Workshop terminal screen. 
(Filename: C:\buildslave\unity\build\Runtime/Export/Debug/Debug.bindings.h Line: 35)

#FPS Master.#Disabling all 4 components. 
(Filename: C:\buildslave\unity\build\Runtime/Export/Debug/Debug.bindings.h Line: 35)

#Training Workshop.#Opening Training Workshop terminal <b>Workshop 00 Terminal</b> for Workshop 1 :
Tries: 1,
Best time: 0,9336399 seconds,
Best shots: 3 shots,
Score: 0.
(If terminal won't open, make sure the terminal screen is listening to this interaction event.) 
(Filename: C:\buildslave\unity\build\Runtime/Export/Debug/Debug.bindings.h Line: 35)

#Training Workshop.#Shutting down Training Workshop terminal screen. 
(Filename: C:\buildslave\unity\build\Runtime/Export/Debug/Debug.bindings.h Line: 35)

#Training Workshop.#Shutting down Training Workshop terminal <b>Workshop 00 Terminal</b>. 
(Filename: C:\buildslave\unity\build\Runtime/Export/Debug/Debug.bindings.h Line: 35)

#FPS Master.#Enabling all 4 components. 
(Filename: C:\buildslave\unity\build\Runtime/Export/Debug/Debug.bindings.h Line: 35)

#FPS Shoot.#Applying shot. Magazine state : (4/40). 
(Filename: C:\buildslave\unity\build\Runtime/Export/Debug/Debug.bindings.h Line: 35)

#FPS Shoot.#Shot <b>Workshop 00 Terminal</b>. 
(Filename: C:\buildslave\unity\build\Runtime/Export/Debug/Debug.bindings.h Line: 35)

#Training Workshop.#Shattering Training Workshop terminal <b>Workshop 00 Terminal</b>'s screen. 
(Filename: C:\buildslave\unity\build\Runtime/Export/Debug/Debug.bindings.h Line: 35)

#FPS Interacter.#Interacting with <b>Workshop 00 Terminal</b>. 
(Filename: C:\buildslave\unity\build\Runtime/Export/Debug/Debug.bindings.h Line: 35)

#Training Workshop.#Turning on Training Workshop terminal screen. 
(Filename: C:\buildslave\unity\build\Runtime/Export/Debug/Debug.bindings.h Line: 35)

#FPS Master.#Disabling all 4 components. 
(Filename: C:\buildslave\unity\build\Runtime/Export/Debug/Debug.bindings.h Line: 35)

#Training Workshop.#Opening Training Workshop terminal <b>Workshop 00 Terminal</b> for Workshop 1 :
Tries: 1,
Best time: 0,9336399 seconds,
Best shots: 3 shots,
Score: 0.
(If terminal won't open, make sure the terminal screen is listening to this interaction event.) 
(Filename: C:\buildslave\unity\build\Runtime/Export/Debug/Debug.bindings.h Line: 35)

#Training Workshop.#Shutting down Training Workshop terminal screen. 
(Filename: C:\buildslave\unity\build\Runtime/Export/Debug/Debug.bindings.h Line: 35)

#Training Workshop.#Shutting down Training Workshop terminal <b>Workshop 00 Terminal</b>. 
(Filename: C:\buildslave\unity\build\Runtime/Export/Debug/Debug.bindings.h Line: 35)

#FPS Master.#Enabling all 4 components. 
(Filename: C:\buildslave\unity\build\Runtime/Export/Debug/Debug.bindings.h Line: 35)

#FPS Shoot.#Applying shot. Magazine state : (4/39). 
(Filename: C:\buildslave\unity\build\Runtime/Export/Debug/Debug.bindings.h Line: 35)

#FPS Shoot.#Shot <b>Wall Glass</b>. 
(Filename: C:\buildslave\unity\build\Runtime/Export/Debug/Debug.bindings.h Line: 35)

#FPS Shoot.#Shot <b>Wall 01 (71)</b>. 
(Filename: C:\buildslave\unity\build\Runtime/Export/Debug/Debug.bindings.h Line: 35)

#FPS Shoot.#Applying shot. Magazine state : (4/38). 
(Filename: C:\buildslave\unity\build\Runtime/Export/Debug/Debug.bindings.h Line: 35)

#FPS Shoot.#Shot <b>Light Hitbox</b>. 
(Filename: C:\buildslave\unity\build\Runtime/Export/Debug/Debug.bindings.h Line: 35)

#FPS Shoot.#Applying shot. Magazine state : (4/37). 
(Filename: C:\buildslave\unity\build\Runtime/Export/Debug/Debug.bindings.h Line: 35)

#FPS Shoot.#Shot <b>Door Red Button</b>. 
(Filename: C:\buildslave\unity\build\Runtime/Export/Debug/Debug.bindings.h Line: 35)

#Door.#Toggling door by shooting its trigger. 
(Filename: C:\buildslave\unity\build\Runtime/Export/Debug/Debug.bindings.h Line: 35)

#Door.#Toggling <b>Door</b>. 
(Filename: C:\buildslave\unity\build\Runtime/Export/Debug/Debug.bindings.h Line: 35)

#Door.#Triggering animator parameter "<b>Open</b>". 
(Filename: C:\buildslave\unity\build\Runtime/Export/Debug/Debug.bindings.h Line: 35)

#FPS Shoot.#Applying shot. Magazine state : (3/37). 
(Filename: C:\buildslave\unity\build\Runtime/Export/Debug/Debug.bindings.h Line: 35)

#FPS Shoot.#Shot <b>Switch</b>. 
(Filename: C:\buildslave\unity\build\Runtime/Export/Debug/Debug.bindings.h Line: 35)

#Door.#Opening <b>Door</b> with a delay of 0,3s. 
(Filename: C:\buildslave\unity\build\Runtime/Export/Debug/Debug.bindings.h Line: 35)

#Door.#Opening <b>Door (1)</b> with a delay of 0,3s. 
(Filename: C:\buildslave\unity\build\Runtime/Export/Debug/Debug.bindings.h Line: 35)

#Door.#Toggling <b>Door (1)</b>. 
(Filename: C:\buildslave\unity\build\Runtime/Export/Debug/Debug.bindings.h Line: 35)

#Door.#Triggering animator parameter "<b>Open</b>". 
(Filename: C:\buildslave\unity\build\Runtime/Export/Debug/Debug.bindings.h Line: 35)

#FPS Interacter.#Interacting with <b>Cartridge </b>. 
(Filename: C:\buildslave\unity\build\Runtime/Export/Debug/Debug.bindings.h Line: 35)

#FPS Magazine.#Loading a cartridge with a capacity of 10. 
(Filename: C:\buildslave\unity\build\Runtime/Export/Debug/Debug.bindings.h Line: 35)

#FPS Magazine.#Adding 10 bullets from cartridge to storehouse. 
(Filename: C:\buildslave\unity\build\Runtime/Export/Debug/Debug.bindings.h Line: 35)

#FPS Magazine.#0 bullet(s) left in cartridge. 
(Filename: C:\buildslave\unity\build\Runtime/Export/Debug/Debug.bindings.h Line: 35)

#FPS Shoot.#Applying shot. Magazine state : (4/45). 
(Filename: C:\buildslave\unity\build\Runtime/Export/Debug/Debug.bindings.h Line: 35)

#FPS Shoot.#Shot <b>Wall Glass</b>. 
(Filename: C:\buildslave\unity\build\Runtime/Export/Debug/Debug.bindings.h Line: 35)

#FPS Shoot.#Shot <b>Dummy 00</b>. 
(Filename: C:\buildslave\unity\build\Runtime/Export/Debug/Debug.bindings.h Line: 35)

#Dummy.#Setting state to Hurt. 
(Filename: C:\buildslave\unity\build\Runtime/Export/Debug/Debug.bindings.h Line: 35)

#FPS Shoot.#Applying shot. Magazine state : (3/45). 
(Filename: C:\buildslave\unity\build\Runtime/Export/Debug/Debug.bindings.h Line: 35)

#FPS Shoot.#Shot <b>Dummy 00</b>. 
(Filename: C:\buildslave\unity\build\Runtime/Export/Debug/Debug.bindings.h Line: 35)

#FPS Shoot.#Applying shot. Magazine state : (2/45). 
(Filename: C:\buildslave\unity\build\Runtime/Export/Debug/Debug.bindings.h Line: 35)

#FPS Shoot.#Shot <b>Dummy 00</b>. 
(Filename: C:\buildslave\unity\build\Runtime/Export/Debug/Debug.bindings.h Line: 35)

#Dummy.#Setting state to WalkToPlayer. 
(Filename: C:\buildslave\unity\build\Runtime/Export/Debug/Debug.bindings.h Line: 35)

#Dummy.#Setting state to RunToPlayer. 
(Filename: C:\buildslave\unity\build\Runtime/Export/Debug/Debug.bindings.h Line: 35)

#Dummy.#Setting state to Attack. 
(Filename: C:\buildslave\unity\build\Runtime/Export/Debug/Debug.bindings.h Line: 35)

#FPS Shoot.#Applying shot. Magazine state : (1/45). 
(Filename: C:\buildslave\unity\build\Runtime/Export/Debug/Debug.bindings.h Line: 35)

#FPS Shoot.#Shot <b>Dummy 00</b>. 
(Filename: C:\buildslave\unity\build\Runtime/Export/Debug/Debug.bindings.h Line: 35)

#Dummy.#Setting state to Death. 
(Filename: C:\buildslave\unity\build\Runtime/Export/Debug/Debug.bindings.h Line: 35)

#Dummy.#<b>Dummy 00</b> attacking. 
(Filename: C:\buildslave\unity\build\Runtime/Export/Debug/Debug.bindings.h Line: 35)

#Dummy.#Attack. 
(Filename: C:\buildslave\unity\build\Runtime/Export/Debug/Debug.bindings.h Line: 35)

#FPS Health System.#Received <b>25</b> damages, <b>75</b> health left. 
(Filename: C:\buildslave\unity\build\Runtime/Export/Debug/Debug.bindings.h Line: 35)

#FPS Shoot.#Applying shot. Magazine state : (4/41). 
(Filename: C:\buildslave\unity\build\Runtime/Export/Debug/Debug.bindings.h Line: 35)

#FPS Shoot.#Shot <b>Wall 01 (103)</b>. 
(Filename: C:\buildslave\unity\build\Runtime/Export/Debug/Debug.bindings.h Line: 35)

#FPS Shoot.#Applying shot. Magazine state : (3/41). 
(Filename: C:\buildslave\unity\build\Runtime/Export/Debug/Debug.bindings.h Line: 35)

#FPS Shoot.#Shot <b>Wall 01 (103)</b>. 
(Filename: C:\buildslave\unity\build\Runtime/Export/Debug/Debug.bindings.h Line: 35)

#FPS Shoot.#Applying shot. Magazine state : (2/41). 
(Filename: C:\buildslave\unity\build\Runtime/Export/Debug/Debug.bindings.h Line: 35)

#FPS Shoot.#Shot <b>Switch</b>. 
(Filename: C:\buildslave\unity\build\Runtime/Export/Debug/Debug.bindings.h Line: 35)

#Door.#Opening <b>Door</b> with a delay of 0,5s. 
(Filename: C:\buildslave\unity\build\Runtime/Export/Debug/Debug.bindings.h Line: 35)

#Door.#Toggling <b>Door</b>. 
(Filename: C:\buildslave\unity\build\Runtime/Export/Debug/Debug.bindings.h Line: 35)

#Door.#Triggering animator parameter "<b>Open</b>". 
(Filename: C:\buildslave\unity\build\Runtime/Export/Debug/Debug.bindings.h Line: 35)

#FPS Interacter.#Interacting with <b>Cartridge (1)</b>. 
(Filename: C:\buildslave\unity\build\Runtime/Export/Debug/Debug.bindings.h Line: 35)

#FPS Magazine.#Loading a cartridge with a capacity of 10. 
(Filename: C:\buildslave\unity\build\Runtime/Export/Debug/Debug.bindings.h Line: 35)

#FPS Magazine.#Adding 10 bullets from cartridge to storehouse. 
(Filename: C:\buildslave\unity\build\Runtime/Export/Debug/Debug.bindings.h Line: 35)

#FPS Magazine.#0 bullet(s) left in cartridge. 
(Filename: C:\buildslave\unity\build\Runtime/Export/Debug/Debug.bindings.h Line: 35)

#FPS Shoot.#Applying shot. Magazine state : (4/48). 
(Filename: C:\buildslave\unity\build\Runtime/Export/Debug/Debug.bindings.h Line: 35)

#FPS Shoot.#Shot <b>Healing Capsule</b>. 
(Filename: C:\buildslave\unity\build\Runtime/Export/Debug/Debug.bindings.h Line: 35)

#FPS Shoot.#Shot <b>Wall 00</b>. 
(Filename: C:\buildslave\unity\build\Runtime/Export/Debug/Debug.bindings.h Line: 35)

#FPS Interacter.#Interacting with <b>Heal</b>. 
(Filename: C:\buildslave\unity\build\Runtime/Export/Debug/Debug.bindings.h Line: 35)

#Door.#Opening <b>Door</b> with a delay of 0,8s. 
(Filename: C:\buildslave\unity\build\Runtime/Export/Debug/Debug.bindings.h Line: 35)

#FPS Health System.#Healed by <b>50</b> points, <b>100</b> health left. 
(Filename: C:\buildslave\unity\build\Runtime/Export/Debug/Debug.bindings.h Line: 35)

#Door.#Toggling <b>Door</b>. 
(Filename: C:\buildslave\unity\build\Runtime/Export/Debug/Debug.bindings.h Line: 35)

#Door.#Triggering animator parameter "<b>Open</b>". 
(Filename: C:\buildslave\unity\build\Runtime/Export/Debug/Debug.bindings.h Line: 35)

#Dummy.#Setting state to WalkToPlayer. 
(Filename: C:\buildslave\unity\build\Runtime/Export/Debug/Debug.bindings.h Line: 35)

#Dummy.#Setting state to WalkToPlayer. 
(Filename: C:\buildslave\unity\build\Runtime/Export/Debug/Debug.bindings.h Line: 35)

#Dummy.#Setting state to RunToPlayer. 
(Filename: C:\buildslave\unity\build\Runtime/Export/Debug/Debug.bindings.h Line: 35)

#Dummy.#Setting state to WalkToPlayer. 
(Filename: C:\buildslave\unity\build\Runtime/Export/Debug/Debug.bindings.h Line: 35)

#Dummy.#Setting state to Attack. 
(Filename: C:\buildslave\unity\build\Runtime/Export/Debug/Debug.bindings.h Line: 35)

#FPS Shoot.#Applying shot. Magazine state : (4/47). 
(Filename: C:\buildslave\unity\build\Runtime/Export/Debug/Debug.bindings.h Line: 35)

#FPS Shoot.#Shot <b>Dummy 01</b>. 
(Filename: C:\buildslave\unity\build\Runtime/Export/Debug/Debug.bindings.h Line: 35)

#Dummy.#Setting state to Hurt. 
(Filename: C:\buildslave\unity\build\Runtime/Export/Debug/Debug.bindings.h Line: 35)

#Dummy.#Setting state to RunToPlayer. 
(Filename: C:\buildslave\unity\build\Runtime/Export/Debug/Debug.bindings.h Line: 35)

#FPS Shoot.#Applying shot. Magazine state : (3/47). 
(Filename: C:\buildslave\unity\build\Runtime/Export/Debug/Debug.bindings.h Line: 35)

#FPS Shoot.#Shot <b>Dummy 01</b>. 
(Filename: C:\buildslave\unity\build\Runtime/Export/Debug/Debug.bindings.h Line: 35)

#FPS Shoot.#Applying shot. Magazine state : (2/47). 
(Filename: C:\buildslave\unity\build\Runtime/Export/Debug/Debug.bindings.h Line: 35)

#FPS Shoot.#Shot <b>Dummy 01</b>. 
(Filename: C:\buildslave\unity\build\Runtime/Export/Debug/Debug.bindings.h Line: 35)

#Dummy.#Setting state to WalkToPlayer. 
(Filename: C:\buildslave\unity\build\Runtime/Export/Debug/Debug.bindings.h Line: 35)

#Dummy.#Setting state to RunToPlayer. 
(Filename: C:\buildslave\unity\build\Runtime/Export/Debug/Debug.bindings.h Line: 35)

#FPS Shoot.#Applying shot. Magazine state : (1/47). 
(Filename: C:\buildslave\unity\build\Runtime/Export/Debug/Debug.bindings.h Line: 35)

#FPS Shoot.#Shot <b>Dummy 01</b>. 
(Filename: C:\buildslave\unity\build\Runtime/Export/Debug/Debug.bindings.h Line: 35)

#Dummy.#Setting state to Death. 
(Filename: C:\buildslave\unity\build\Runtime/Export/Debug/Debug.bindings.h Line: 35)

#FPS Shoot.#Applying shot. Magazine state : (0/47). 
(Filename: C:\buildslave\unity\build\Runtime/Export/Debug/Debug.bindings.h Line: 35)

#FPS Shoot.#Shot <b>Dummy 02</b>. 
(Filename: C:\buildslave\unity\build\Runtime/Export/Debug/Debug.bindings.h Line: 35)

#Dummy.#Setting state to Hurt. 
(Filename: C:\buildslave\unity\build\Runtime/Export/Debug/Debug.bindings.h Line: 35)

#FPS Shoot.#Trying to shoot with an empty magazine load, reloading instead. 
(Filename: C:\buildslave\unity\build\Runtime/Export/Debug/Debug.bindings.h Line: 35)

#Dummy.#Setting state to WalkToPlayer. 
(Filename: C:\buildslave\unity\build\Runtime/Export/Debug/Debug.bindings.h Line: 35)

#Dummy.#Setting state to RunToPlayer. 
(Filename: C:\buildslave\unity\build\Runtime/Export/Debug/Debug.bindings.h Line: 35)

#FPS Shoot.#Applying shot. Magazine state : (4/42). 
(Filename: C:\buildslave\unity\build\Runtime/Export/Debug/Debug.bindings.h Line: 35)

#FPS Shoot.#Shot <b>Dummy 02</b>. 
(Filename: C:\buildslave\unity\build\Runtime/Export/Debug/Debug.bindings.h Line: 35)

#Dummy.#Setting state to Hurt. 
(Filename: C:\buildslave\unity\build\Runtime/Export/Debug/Debug.bindings.h Line: 35)

#FPS Shoot.#Applying shot. Magazine state : (3/42). 
(Filename: C:\buildslave\unity\build\Runtime/Export/Debug/Debug.bindings.h Line: 35)

#FPS Shoot.#Shot <b>Dummy 02</b>. 
(Filename: C:\buildslave\unity\build\Runtime/Export/Debug/Debug.bindings.h Line: 35)

#FPS Shoot.#Applying shot. Magazine state : (2/42). 
(Filename: C:\buildslave\unity\build\Runtime/Export/Debug/Debug.bindings.h Line: 35)

#FPS Shoot.#Shot <b>Dummy 02</b>. 
(Filename: C:\buildslave\unity\build\Runtime/Export/Debug/Debug.bindings.h Line: 35)

#Dummy.#Setting state to Death. 
(Filename: C:\buildslave\unity\build\Runtime/Export/Debug/Debug.bindings.h Line: 35)

#FPS Shoot.#Applying shot. Magazine state : (1/42). 
(Filename: C:\buildslave\unity\build\Runtime/Export/Debug/Debug.bindings.h Line: 35)

#FPS Shoot.#Shot <b>Dummy 03</b>. 
(Filename: C:\buildslave\unity\build\Runtime/Export/Debug/Debug.bindings.h Line: 35)

#Dummy.#Setting state to Hurt. 
(Filename: C:\buildslave\unity\build\Runtime/Export/Debug/Debug.bindings.h Line: 35)

#FPS Shoot.#Applying shot. Magazine state : (0/42). 
(Filename: C:\buildslave\unity\build\Runtime/Export/Debug/Debug.bindings.h Line: 35)

#FPS Shoot.#Shot <b>Dummy 03</b>. 
(Filename: C:\buildslave\unity\build\Runtime/Export/Debug/Debug.bindings.h Line: 35)

#Dummy.#Setting state to WalkToPlayer. 
(Filename: C:\buildslave\unity\build\Runtime/Export/Debug/Debug.bindings.h Line: 35)

#Dummy.#Setting state to RunToPlayer. 
(Filename: C:\buildslave\unity\build\Runtime/Export/Debug/Debug.bindings.h Line: 35)

#FPS Shoot.#Applying shot. Magazine state : (4/37). 
(Filename: C:\buildslave\unity\build\Runtime/Export/Debug/Debug.bindings.h Line: 35)

#FPS Shoot.#Shot <b>Dummy 03</b>. 
(Filename: C:\buildslave\unity\build\Runtime/Export/Debug/Debug.bindings.h Line: 35)

#Dummy.#Setting state to Hurt. 
(Filename: C:\buildslave\unity\build\Runtime/Export/Debug/Debug.bindings.h Line: 35)

#FPS Shoot.#Applying shot. Magazine state : (3/37). 
(Filename: C:\buildslave\unity\build\Runtime/Export/Debug/Debug.bindings.h Line: 35)

#FPS Shoot.#Shot <b>Dummy 03</b>. 
(Filename: C:\buildslave\unity\build\Runtime/Export/Debug/Debug.bindings.h Line: 35)

#Dummy.#Setting state to Death. 
(Filename: C:\buildslave\unity\build\Runtime/Export/Debug/Debug.bindings.h Line: 35)

#FPS Shoot.#Applying shot. Magazine state : (4/35). 
(Filename: C:\buildslave\unity\build\Runtime/Export/Debug/Debug.bindings.h Line: 35)

#FPS Shoot.#Shot <b>Light Hitbox</b>. 
(Filename: C:\buildslave\unity\build\Runtime/Export/Debug/Debug.bindings.h Line: 35)

#FPS Interacter.#Interacting with <b>Cartridge</b>. 
(Filename: C:\buildslave\unity\build\Runtime/Export/Debug/Debug.bindings.h Line: 35)

#FPS Magazine.#Loading a cartridge with a capacity of 10. 
(Filename: C:\buildslave\unity\build\Runtime/Export/Debug/Debug.bindings.h Line: 35)

#FPS Magazine.#Adding 10 bullets from cartridge to storehouse. 
(Filename: C:\buildslave\unity\build\Runtime/Export/Debug/Debug.bindings.h Line: 35)

#FPS Magazine.#0 bullet(s) left in cartridge. 
(Filename: C:\buildslave\unity\build\Runtime/Export/Debug/Debug.bindings.h Line: 35)

#FPS Shoot.#Applying shot. Magazine state : (4/44). 
(Filename: C:\buildslave\unity\build\Runtime/Export/Debug/Debug.bindings.h Line: 35)

#FPS Shoot.#Shot <b>Wall Glass 00</b>. 
(Filename: C:\buildslave\unity\build\Runtime/Export/Debug/Debug.bindings.h Line: 35)

#FPS Shoot.#Shot <b>Wall 01 (17)</b>. 
(Filename: C:\buildslave\unity\build\Runtime/Export/Debug/Debug.bindings.h Line: 35)

#FPS Shoot.#Applying shot. Magazine state : (3/44). 
(Filename: C:\buildslave\unity\build\Runtime/Export/Debug/Debug.bindings.h Line: 35)

#FPS Shoot.#Shot <b>Wall Glass 01</b>. 
(Filename: C:\buildslave\unity\build\Runtime/Export/Debug/Debug.bindings.h Line: 35)

#FPS Shoot.#Shot <b>Dummy 04</b>. 
(Filename: C:\buildslave\unity\build\Runtime/Export/Debug/Debug.bindings.h Line: 35)

#Dummy.#Setting state to Hurt. 
(Filename: C:\buildslave\unity\build\Runtime/Export/Debug/Debug.bindings.h Line: 35)

#Dummy.#Setting state to WalkToPlayer. 
(Filename: C:\buildslave\unity\build\Runtime/Export/Debug/Debug.bindings.h Line: 35)

#Dummy.#Setting state to WalkToPlayer. 
(Filename: C:\buildslave\unity\build\Runtime/Export/Debug/Debug.bindings.h Line: 35)

#FPS Shoot.#Applying shot. Magazine state : (2/44). 
(Filename: C:\buildslave\unity\build\Runtime/Export/Debug/Debug.bindings.h Line: 35)

#FPS Shoot.#Shot <b>Dummy 04</b>. 
(Filename: C:\buildslave\unity\build\Runtime/Export/Debug/Debug.bindings.h Line: 35)

#FPS Shoot.#Applying shot. Magazine state : (1/44). 
(Filename: C:\buildslave\unity\build\Runtime/Export/Debug/Debug.bindings.h Line: 35)

#FPS Shoot.#Shot <b>Dummy 04</b>. 
(Filename: C:\buildslave\unity\build\Runtime/Export/Debug/Debug.bindings.h Line: 35)

#Dummy.#Setting state to WalkToPlayer. 
(Filename: C:\buildslave\unity\build\Runtime/Export/Debug/Debug.bindings.h Line: 35)

#FPS Shoot.#Applying shot. Magazine state : (0/44). 
(Filename: C:\buildslave\unity\build\Runtime/Export/Debug/Debug.bindings.h Line: 35)

#FPS Shoot.#Shot <b>Dummy 04</b>. 
(Filename: C:\buildslave\unity\build\Runtime/Export/Debug/Debug.bindings.h Line: 35)

#Dummy.#Setting state to Death. 
(Filename: C:\buildslave\unity\build\Runtime/Export/Debug/Debug.bindings.h Line: 35)

#Dummy.#Setting state to RunToPlayer. 
(Filename: C:\buildslave\unity\build\Runtime/Export/Debug/Debug.bindings.h Line: 35)

#FPS Shoot.#Trying to shoot with an empty magazine load, reloading instead. 
(Filename: C:\buildslave\unity\build\Runtime/Export/Debug/Debug.bindings.h Line: 35)

#Dummy.#Setting state to Attack. 
(Filename: C:\buildslave\unity\build\Runtime/Export/Debug/Debug.bindings.h Line: 35)

#Dummy.#Setting state to RunToPlayer. 
(Filename: C:\buildslave\unity\build\Runtime/Export/Debug/Debug.bindings.h Line: 35)

#FPS Shoot.#Applying shot. Magazine state : (4/39). 
(Filename: C:\buildslave\unity\build\Runtime/Export/Debug/Debug.bindings.h Line: 35)

#FPS Shoot.#Shot <b>Wall 01 (2)</b>. 
(Filename: C:\buildslave\unity\build\Runtime/Export/Debug/Debug.bindings.h Line: 35)

#Dummy.#<b>Dummy 06</b> attacking. 
(Filename: C:\buildslave\unity\build\Runtime/Export/Debug/Debug.bindings.h Line: 35)

#Dummy.#Attack. 
(Filename: C:\buildslave\unity\build\Runtime/Export/Debug/Debug.bindings.h Line: 35)

#FPS Shoot.#Applying shot. Magazine state : (3/39). 
(Filename: C:\buildslave\unity\build\Runtime/Export/Debug/Debug.bindings.h Line: 35)

#FPS Shoot.#Shot <b>Bullet Impact 00(Clone)</b>. 
(Filename: C:\buildslave\unity\build\Runtime/Export/Debug/Debug.bindings.h Line: 35)

#FPS Shoot.#Applying shot. Magazine state : (2/39). 
(Filename: C:\buildslave\unity\build\Runtime/Export/Debug/Debug.bindings.h Line: 35)

#FPS Shoot.#Shot <b>Dummy 06</b>. 
(Filename: C:\buildslave\unity\build\Runtime/Export/Debug/Debug.bindings.h Line: 35)

#Dummy.#Setting state to Hurt. 
(Filename: C:\buildslave\unity\build\Runtime/Export/Debug/Debug.bindings.h Line: 35)

#FPS Shoot.#Applying shot. Magazine state : (1/39). 
(Filename: C:\buildslave\unity\build\Runtime/Export/Debug/Debug.bindings.h Line: 35)

#FPS Shoot.#Shot <b>Dummy 06</b>. 
(Filename: C:\buildslave\unity\build\Runtime/Export/Debug/Debug.bindings.h Line: 35)

#FPS Shoot.#Applying shot. Magazine state : (0/39). 
(Filename: C:\buildslave\unity\build\Runtime/Export/Debug/Debug.bindings.h Line: 35)

#FPS Shoot.#Shot <b>Dummy 06</b>. 
(Filename: C:\buildslave\unity\build\Runtime/Export/Debug/Debug.bindings.h Line: 35)

#Dummy.#Setting state to WalkToPlayer. 
(Filename: C:\buildslave\unity\build\Runtime/Export/Debug/Debug.bindings.h Line: 35)

#Dummy.#Setting state to RunToPlayer. 
(Filename: C:\buildslave\unity\build\Runtime/Export/Debug/Debug.bindings.h Line: 35)

#FPS Shoot.#Trying to shoot with an empty magazine load, reloading instead. 
(Filename: C:\buildslave\unity\build\Runtime/Export/Debug/Debug.bindings.h Line: 35)

#Dummy.#Setting state to Attack. 
(Filename: C:\buildslave\unity\build\Runtime/Export/Debug/Debug.bindings.h Line: 35)

#Dummy.#<b>Dummy 05</b> attacking. 
(Filename: C:\buildslave\unity\build\Runtime/Export/Debug/Debug.bindings.h Line: 35)

#Dummy.#Attack. 
(Filename: C:\buildslave\unity\build\Runtime/Export/Debug/Debug.bindings.h Line: 35)

#Dummy.#Setting state to Attack. 
(Filename: C:\buildslave\unity\build\Runtime/Export/Debug/Debug.bindings.h Line: 35)

#Dummy.#Setting state to RunToPlayer. 
(Filename: C:\buildslave\unity\build\Runtime/Export/Debug/Debug.bindings.h Line: 35)

#Dummy.#<b>Dummy 06</b> attacking. 
(Filename: C:\buildslave\unity\build\Runtime/Export/Debug/Debug.bindings.h Line: 35)

#Dummy.#Attack. 
(Filename: C:\buildslave\unity\build\Runtime/Export/Debug/Debug.bindings.h Line: 35)

#Dummy.#Setting state to WalkToPlayer. 
(Filename: C:\buildslave\unity\build\Runtime/Export/Debug/Debug.bindings.h Line: 35)

#Dummy.#Setting state to RunToPlayer. 
(Filename: C:\buildslave\unity\build\Runtime/Export/Debug/Debug.bindings.h Line: 35)

#Dummy.#Setting state to WalkToPlayer. 
(Filename: C:\buildslave\unity\build\Runtime/Export/Debug/Debug.bindings.h Line: 35)

#Dummy.#Setting state to RunToPlayer. 
(Filename: C:\buildslave\unity\build\Runtime/Export/Debug/Debug.bindings.h Line: 35)

#Dummy.#Setting state to WalkToPlayer. 
(Filename: C:\buildslave\unity\build\Runtime/Export/Debug/Debug.bindings.h Line: 35)

#FPS Shoot.#Applying shot. Magazine state : (4/34). 
(Filename: C:\buildslave\unity\build\Runtime/Export/Debug/Debug.bindings.h Line: 35)

#FPS Shoot.#Shot <b>Dummy 06</b>. 
(Filename: C:\buildslave\unity\build\Runtime/Export/Debug/Debug.bindings.h Line: 35)

#Dummy.#Setting state to Death. 
(Filename: C:\buildslave\unity\build\Runtime/Export/Debug/Debug.bindings.h Line: 35)

#Dummy.#Setting state to RunToPlayer. 
(Filename: C:\buildslave\unity\build\Runtime/Export/Debug/Debug.bindings.h Line: 35)

#FPS Shoot.#Applying shot. Magazine state : (3/34). 
(Filename: C:\buildslave\unity\build\Runtime/Export/Debug/Debug.bindings.h Line: 35)

#FPS Shoot.#Shot <b>Dummy 05</b>. 
(Filename: C:\buildslave\unity\build\Runtime/Export/Debug/Debug.bindings.h Line: 35)

#Dummy.#Setting state to Hurt. 
(Filename: C:\buildslave\unity\build\Runtime/Export/Debug/Debug.bindings.h Line: 35)

#Dummy.#Setting state to WalkToPlayer. 
(Filename: C:\buildslave\unity\build\Runtime/Export/Debug/Debug.bindings.h Line: 35)

#Dummy.#Setting state to RunToPlayer. 
(Filename: C:\buildslave\unity\build\Runtime/Export/Debug/Debug.bindings.h Line: 35)

#Dummy.#Setting state to Attack. 
(Filename: C:\buildslave\unity\build\Runtime/Export/Debug/Debug.bindings.h Line: 35)

#FPS Shoot.#Applying shot. Magazine state : (2/34). 
(Filename: C:\buildslave\unity\build\Runtime/Export/Debug/Debug.bindings.h Line: 35)

#FPS Shoot.#Shot <b>Dummy 05</b>. 
(Filename: C:\buildslave\unity\build\Runtime/Export/Debug/Debug.bindings.h Line: 35)

#Dummy.#Setting state to Hurt. 
(Filename: C:\buildslave\unity\build\Runtime/Export/Debug/Debug.bindings.h Line: 35)

#FPS Shoot.#Applying shot. Magazine state : (1/34). 
(Filename: C:\buildslave\unity\build\Runtime/Export/Debug/Debug.bindings.h Line: 35)

#FPS Shoot.#Shot <b>Dummy 05</b>. 
(Filename: C:\buildslave\unity\build\Runtime/Export/Debug/Debug.bindings.h Line: 35)

#Dummy.#Setting state to WalkToPlayer. 
(Filename: C:\buildslave\unity\build\Runtime/Export/Debug/Debug.bindings.h Line: 35)

#Dummy.#Setting state to RunToPlayer. 
(Filename: C:\buildslave\unity\build\Runtime/Export/Debug/Debug.bindings.h Line: 35)

#Dummy.#Setting state to Attack. 
(Filename: C:\buildslave\unity\build\Runtime/Export/Debug/Debug.bindings.h Line: 35)

#Dummy.#<b>Dummy 05</b> attacking. 
(Filename: C:\buildslave\unity\build\Runtime/Export/Debug/Debug.bindings.h Line: 35)

#Dummy.#Attack. 
(Filename: C:\buildslave\unity\build\Runtime/Export/Debug/Debug.bindings.h Line: 35)

#FPS Shoot.#Applying shot. Magazine state : (4/30). 
(Filename: C:\buildslave\unity\build\Runtime/Export/Debug/Debug.bindings.h Line: 35)

#FPS Shoot.#Shot <b>Wall 01 (10)</b>. 
(Filename: C:\buildslave\unity\build\Runtime/Export/Debug/Debug.bindings.h Line: 35)

#FPS Shoot.#Applying shot. Magazine state : (3/30). 
(Filename: C:\buildslave\unity\build\Runtime/Export/Debug/Debug.bindings.h Line: 35)

#FPS Shoot.#Shot <b>Dummy 05</b>. 
(Filename: C:\buildslave\unity\build\Runtime/Export/Debug/Debug.bindings.h Line: 35)

#Dummy.#Setting state to Death. 
(Filename: C:\buildslave\unity\build\Runtime/Export/Debug/Debug.bindings.h Line: 35)

#FPS Shoot.#Applying shot. Magazine state : (2/30). 
(Filename: C:\buildslave\unity\build\Runtime/Export/Debug/Debug.bindings.h Line: 35)

#FPS Shoot.#Shot <b>Wall 01 (10)</b>. 
(Filename: C:\buildslave\unity\build\Runtime/Export/Debug/Debug.bindings.h Line: 35)

#FPS Interacter.#Interacting with <b>Cartridge</b>. 
(Filename: C:\buildslave\unity\build\Runtime/Export/Debug/Debug.bindings.h Line: 35)

#FPS Magazine.#Loading a cartridge with a capacity of 10. 
(Filename: C:\buildslave\unity\build\Runtime/Export/Debug/Debug.bindings.h Line: 35)

#FPS Magazine.#Adding 10 bullets from cartridge to storehouse. 
(Filename: C:\buildslave\unity\build\Runtime/Export/Debug/Debug.bindings.h Line: 35)

#FPS Magazine.#0 bullet(s) left in cartridge. 
(Filename: C:\buildslave\unity\build\Runtime/Export/Debug/Debug.bindings.h Line: 35)

#FPS Shoot.#Applying shot. Magazine state : (4/37). 
(Filename: C:\buildslave\unity\build\Runtime/Export/Debug/Debug.bindings.h Line: 35)

#FPS Shoot.#Shot <b>Transparent</b>. 
(Filename: C:\buildslave\unity\build\Runtime/Export/Debug/Debug.bindings.h Line: 35)

#FPS Shoot.#Applying shot. Magazine state : (3/37). 
(Filename: C:\buildslave\unity\build\Runtime/Export/Debug/Debug.bindings.h Line: 35)

#FPS Shoot.#Shot <b>Transparent</b>. 
(Filename: C:\buildslave\unity\build\Runtime/Export/Debug/Debug.bindings.h Line: 35)

#FPS Shoot.#Applying shot. Magazine state : (4/35). 
(Filename: C:\buildslave\unity\build\Runtime/Export/Debug/Debug.bindings.h Line: 35)

#FPS Shoot.#Shot <b>Healing Capsule</b>. 
(Filename: C:\buildslave\unity\build\Runtime/Export/Debug/Debug.bindings.h Line: 35)

#FPS Shoot.#Shot <b>Heal</b>. 
(Filename: C:\buildslave\unity\build\Runtime/Export/Debug/Debug.bindings.h Line: 35)

#FPS Interacter.#Interacting with <b>Heal</b>. 
(Filename: C:\buildslave\unity\build\Runtime/Export/Debug/Debug.bindings.h Line: 35)

#FPS Health System.#Healed by <b>50</b> points, <b>100</b> health left. 
(Filename: C:\buildslave\unity\build\Runtime/Export/Debug/Debug.bindings.h Line: 35)

#FPS Shoot.#Applying shot. Magazine state : (4/34). 
(Filename: C:\buildslave\unity\build\Runtime/Export/Debug/Debug.bindings.h Line: 35)

#FPS Shoot.#Shot <b>Wall Glass 02</b>. 
(Filename: C:\buildslave\unity\build\Runtime/Export/Debug/Debug.bindings.h Line: 35)

#FPS Shoot.#Shot <b>Wall Base (3)</b>. 
(Filename: C:\buildslave\unity\build\Runtime/Export/Debug/Debug.bindings.h Line: 35)

#FPS Shoot.#Applying shot. Magazine state : (3/34). 
(Filename: C:\buildslave\unity\build\Runtime/Export/Debug/Debug.bindings.h Line: 35)

#FPS Shoot.#Shot <b>Light Hitbox</b>. 
(Filename: C:\buildslave\unity\build\Runtime/Export/Debug/Debug.bindings.h Line: 35)

#FPS Stamina Manager.#Out of stamina. 
(Filename: C:\buildslave\unity\build\Runtime/Export/Debug/Debug.bindings.h Line: 35)

Setting up 2 worker threads for Enlighten.
  Thread -> id: 357c -> priority: 1 
  Thread -> id: 3fac -> priority: 1 
